<?xml version="1.0" encoding="UTF-8"?>
<!-- Generated by org.testng.reporters.JUnitXMLReporter -->
<testsuite ignored="0" hostname="DESKTOP-PD8C9RP" failures="0" tests="4" name="Tests package one" time="0.066" errors="0" timestamp="2021-05-31T12:39:04 BRT">
  <testcase classname="project.testng.newtests.PackageTwoTestOne" name="packageTwoTestFour" time="0.009"/>
  <testcase classname="project.testng.newtests.PackageTwoTestOne" name="packageTwoTestOne" time="0.002"/>
  <testcase classname="project.testng.newtests.PackageTwoTestOne" name="packageTwoTestThree" time="0.002"/>
  <testcase classname="project.testng.newtests.PackageTwoTestOne" name="packageTwoTestTwo" time="0.002"/>
</testsuite> <!-- Tests package one -->
