<?xml version="1.0" encoding="UTF-8"?>
<!-- Generated by org.testng.reporters.JUnitXMLReporter -->
<testsuite ignored="1" hostname="DESKTOP-PD8C9RP" failures="0" tests="7" name="Tests package one" time="0.047" errors="0" timestamp="2021-05-31T12:39:04 BRT">
  <testcase classname="project.testng.tests.TestClassTwo" name="testFourClassTwo" time="0.001"/>
  <testcase classname="project.testng.tests.TestClassTwo" name="testOneClassTwo" time="0.002"/>
  <testcase classname="project.testng.tests.TestClassTwo" name="testThreeClassTwo" time="0.003"/>
  <testcase classname="project.testng.tests.TestClassTwo" name="testTwoClassTwo" time="0.002"/>
  <testcase classname="project.testng.tests.Tests" name="testFour" time="0.001"/>
  <testcase classname="project.testng.tests.Tests" name="testOne" time="0.003"/>
  <testcase classname="project.testng.tests.Tests" name="testTwo" time="0.002"/>
  <testcase classname="project.testng.tests.Tests" name="testThree" time="0.0">
    <ignored/>
  </testcase> <!-- testThree -->
</testsuite> <!-- Tests package one -->
