<?xml version="1.0" encoding="UTF-8"?>
<!-- Generated by org.testng.reporters.JUnitXMLReporter -->
<testsuite ignored="0" hostname="DESKTOP-PD8C9RP" failures="1" tests="4" name="Listener Test" time="0.072" errors="0" timestamp="2021-06-09T15:08:22 BRT">
  <testcase classname="project.testng.tests.TestClass2" name="testFourClassTwo" time="0.005"/>
  <testcase classname="project.testng.tests.TestClass2" name="testOneClassTwo" time="0.006">
    <skipped/>
  </testcase> <!-- testOneClassTwo -->
  <testcase classname="project.testng.tests.TestClass2" name="testThreeClassTwo" time="0.002">
    <failure type="com.google.inject.internal.ErrorsException">
      <![CDATA[com.google.inject.internal.ErrorsException
at project.testng.tests.TestClass2.testThreeClassTwo(TestClass2.java:31)
at java.base/java.util.ArrayList.forEach(ArrayList.java:1511)
... Removed 27 stack frames]]>
    </failure>
  </testcase> <!-- testThreeClassTwo -->
  <testcase classname="project.testng.tests.TestClass2" name="testTwoClassTwo" time="0.001"/>
</testsuite> <!-- Listener Test -->
