<?xml version="1.0" encoding="UTF-8"?>
<!-- Generated by org.testng.reporters.JUnitXMLReporter -->
<testsuite ignored="0" hostname="DESKTOP-PD8C9RP" failures="0" tests="4" name="Parameters Tests 2" time="0.024" errors="0" timestamp="2021-06-08T13:06:30 BRT">
  <testcase classname="project.testng.newtests.Package2Test1" name="packageTwoTestFour" time="0.001"/>
  <testcase classname="project.testng.newtests.Package2Test1" name="packageTwoTestOne" time="0.002"/>
  <testcase classname="project.testng.newtests.Package2Test1" name="packageTwoTestThree" time="0.003"/>
  <testcase classname="project.testng.newtests.Package2Test1" name="packageTwoTestTwo" time="0.002"/>
</testsuite> <!-- Parameters Tests 2 -->
