<?xml version="1.0" encoding="UTF-8"?>
<!-- Generated by org.testng.reporters.JUnitXMLReporter -->
<testsuite ignored="1" hostname="DESKTOP-PD8C9RP" failures="0" tests="6" name="Parameters Tests" time="0.109" errors="0" timestamp="2021-06-08T13:06:30 BRT">
  <testcase classname="project.testng.parameterizedtests.ParameterizedTests" name="names" time="0.012"/>
  <testcase classname="project.testng.parameterizedtests.ParameterizedTests" name="names" time="0.005"/>
  <testcase classname="project.testng.testsreturn.TestsReturn" name="salutation" time="0.004"/>
  <testcase classname="project.testng.testsreturn.TestsReturn" name="testFourClassReturn" time="0.004"/>
  <testcase classname="project.testng.testsreturn.TestsReturn" name="testThreeClassReturn" time="0.003"/>
  <testcase classname="project.testng.testsreturn.TestsReturn" name="trueFalse" time="0.003"/>
  <testcase classname="project.testng.parameterizedtests.ParameterizedTests" name="colors" time="0.0">
    <ignored/>
  </testcase> <!-- colors -->
</testsuite> <!-- Parameters Tests -->
