<?xml version="1.0" encoding="UTF-8"?>
<!-- Generated by org.testng.reporters.JUnitXMLReporter -->
<testsuite ignored="2" hostname="DESKTOP-PD8C9RP" failures="0" tests="2" name="Default test" time="0.076" errors="0" timestamp="2021-05-28T14:16:47 BRT">
  <testcase classname="projeto.testng.tests.Tests" name="testFour" time="0.008"/>
  <testcase classname="projeto.testng.tests.Tests" name="testTwo" time="0.003"/>
  <testcase classname="projeto.testng.tests.Tests" name="testOne" time="0.0">
    <ignored/>
  </testcase> <!-- testOne -->
  <testcase classname="projeto.testng.tests.Tests" name="testThree" time="0.0">
    <ignored/>
  </testcase> <!-- testThree -->
</testsuite> <!-- Default test -->
