<?xml version="1.0" encoding="UTF-8"?>
<!-- Generated by org.testng.reporters.JUnitXMLReporter -->
<testsuite ignored="1" hostname="DESKTOP-PD8C9RP" failures="0" tests="2" name="Default test" time="0.059" errors="0" timestamp="2021-06-08T12:16:40 BRT">
  <testcase classname="project.testng.parameterizedtests.ParameterizedTests" name="nomes" time="0.011"/>
  <testcase classname="project.testng.parameterizedtests.ParameterizedTests" name="nomes" time="0.002"/>
  <testcase classname="project.testng.parameterizedtests.ParameterizedTests" name="cores" time="0.0">
    <ignored/>
  </testcase> <!-- cores -->
</testsuite> <!-- Default test -->
