<?xml version="1.0" encoding="UTF-8"?>
<!-- Generated by org.testng.reporters.JUnitXMLReporter -->
<testsuite ignored="0" hostname="DESKTOP-PD8C9RP" failures="0" tests="4" name="Method test" time="0.056" errors="0" timestamp="2021-05-31T15:17:06 BRT">
  <testcase classname="project.testng.testsreturn.TestsReturn" name="salutation" time="0.009"/>
  <testcase classname="project.testng.testsreturn.TestsReturn" name="testFourClassReturn" time="0.002"/>
  <testcase classname="project.testng.testsreturn.TestsReturn" name="testThreeClassReturn" time="0.001"/>
  <testcase classname="project.testng.testsreturn.TestsReturn" name="trueFalse" time="0.001"/>
</testsuite> <!-- Method test -->
