<?xml version="1.0" encoding="UTF-8"?>
<!-- Generated by org.testng.reporters.JUnitXMLReporter -->
<testsuite ignored="6" hostname="DESKTOP-PD8C9RP" failures="0" tests="10" name="Regression" time="0.093" errors="0" timestamp="2021-05-31T15:24:00 BRT">
  <testcase classname="project.testng.tests.TestClassTwo" name="testFourClassTwo" time="0.006"/>
  <testcase classname="project.testng.tests.TestClassTwo" name="testOneClassTwo" time="0.002"/>
  <testcase classname="project.testng.tests.TestClassTwo" name="testThreeClassTwo" time="0.004"/>
  <testcase classname="project.testng.tests.TestClassTwo" name="testTwoClassTwo" time="0.002"/>
  <testcase classname="project.testng.tests.Tests" name="testFour" time="0.002"/>
  <testcase classname="project.testng.tests.Tests" name="testTwo" time="0.002"/>
  <testcase classname="project.testng.testsreturn.TestsReturn" name="salutation" time="0.002"/>
  <testcase classname="project.testng.testsreturn.TestsReturn" name="testFourClassReturn" time="0.001"/>
  <testcase classname="project.testng.testsreturn.TestsReturn" name="testThreeClassReturn" time="0.002"/>
  <testcase classname="project.testng.testsreturn.TestsReturn" name="trueFalse" time="0.001"/>
  <testcase classname="project.testng.newtests.PackageTwoTestOne" name="packageTwoTestOne" time="0.0">
    <ignored/>
  </testcase> <!-- packageTwoTestOne -->
  <testcase classname="project.testng.tests.Tests" name="testOne" time="0.0">
    <ignored/>
  </testcase> <!-- testOne -->
  <testcase classname="project.testng.tests.Tests" name="testThree" time="0.0">
    <ignored/>
  </testcase> <!-- testThree -->
  <testcase classname="project.testng.newtests.PackageTwoTestOne" name="packageTwoTestThree" time="0.0">
    <ignored/>
  </testcase> <!-- packageTwoTestThree -->
  <testcase classname="project.testng.newtests.PackageTwoTestOne" name="packageTwoTestTwo" time="0.0">
    <ignored/>
  </testcase> <!-- packageTwoTestTwo -->
  <testcase classname="project.testng.newtests.PackageTwoTestOne" name="packageTwoTestFour" time="0.0">
    <ignored/>
  </testcase> <!-- packageTwoTestFour -->
</testsuite> <!-- Regression -->
