<?xml version="1.0" encoding="UTF-8"?>
<testng-results ignored="1" total="8" passed="7" failed="0" skipped="0">
  <reporter-output>
  </reporter-output>
  <suite started-at="2021-05-31T14:30:53 BRT" name="General Suite" finished-at="2021-05-31T14:30:53 BRT" duration-ms="113">
    <groups>
      <group name="functional">
        <method signature="Tests.testTwo()[pri:0, instance:project.testng.tests.Tests@4da4253]" name="testTwo" class="project.testng.tests.Tests"/>
      </group> <!-- functional -->
      <group name="unitary-tests">
        <method signature="TestClassTwo.testFourClassTwo()[pri:0, instance:project.testng.tests.TestClassTwo@3972a855]" name="testFourClassTwo" class="project.testng.tests.TestClassTwo"/>
        <method signature="TestClassTwo.testOneClassTwo()[pri:0, instance:project.testng.tests.TestClassTwo@3972a855]" name="testOneClassTwo" class="project.testng.tests.TestClassTwo"/>
        <method signature="TestClassTwo.testThreeClassTwo()[pri:0, instance:project.testng.tests.TestClassTwo@3972a855]" name="testThreeClassTwo" class="project.testng.tests.TestClassTwo"/>
        <method signature="TestClassTwo.testTwoClassTwo()[pri:0, instance:project.testng.tests.TestClassTwo@3972a855]" name="testTwoClassTwo" class="project.testng.tests.TestClassTwo"/>
      </group> <!-- unitary-tests -->
      <group name="unitary">
        <method signature="TestClassTwo.testOneClassTwo()[pri:0, instance:project.testng.tests.TestClassTwo@3972a855]" name="testOneClassTwo" class="project.testng.tests.TestClassTwo"/>
        <method signature="TestClassTwo.testTwoClassTwo()[pri:0, instance:project.testng.tests.TestClassTwo@3972a855]" name="testTwoClassTwo" class="project.testng.tests.TestClassTwo"/>
        <method signature="Tests.testOne()[pri:0, instance:project.testng.tests.Tests@4da4253]" name="testOne" class="project.testng.tests.Tests"/>
      </group> <!-- unitary -->
      <group name="integration">
        <method signature="TestClassTwo.testFourClassTwo()[pri:0, instance:project.testng.tests.TestClassTwo@3972a855]" name="testFourClassTwo" class="project.testng.tests.TestClassTwo"/>
        <method signature="TestClassTwo.testThreeClassTwo()[pri:0, instance:project.testng.tests.TestClassTwo@3972a855]" name="testThreeClassTwo" class="project.testng.tests.TestClassTwo"/>
        <method signature="Tests.testFour()[pri:0, instance:project.testng.tests.Tests@4da4253]" name="testFour" class="project.testng.tests.Tests"/>
      </group> <!-- integration -->
      <group name="functional-tests">
        <method signature="Tests.testFour()[pri:0, instance:project.testng.tests.Tests@4da4253]" name="testFour" class="project.testng.tests.Tests"/>
        <method signature="Tests.testOne()[pri:0, instance:project.testng.tests.Tests@4da4253]" name="testOne" class="project.testng.tests.Tests"/>
        <method signature="Tests.testTwo()[pri:0, instance:project.testng.tests.Tests@4da4253]" name="testTwo" class="project.testng.tests.Tests"/>
      </group> <!-- functional-tests -->
    </groups>
    <test started-at="2021-05-31T14:30:53 BRT" name="Group test plan" finished-at="2021-05-31T14:30:53 BRT" duration-ms="113">
      <class name="project.testng.tests.Tests">
        <test-method is-config="true" signature="beforeAllTests()[pri:0, instance:project.testng.tests.Tests@4da4253]" started-at="2021-05-31T14:30:53 BRT" name="beforeAllTests" finished-at="2021-05-31T14:30:53 BRT" duration-ms="11" status="PASS">
          <reporter-output>
          </reporter-output>
        </test-method> <!-- beforeAllTests -->
        <test-method is-config="true" signature="beforeClass()[pri:0, instance:project.testng.tests.Tests@4da4253]" started-at="2021-05-31T14:30:53 BRT" name="beforeClass" finished-at="2021-05-31T14:30:53 BRT" duration-ms="0" status="PASS">
          <reporter-output>
          </reporter-output>
        </test-method> <!-- beforeClass -->
        <test-method is-config="true" signature="afterClass()[pri:0, instance:project.testng.tests.Tests@4da4253]" started-at="2021-05-31T14:30:53 BRT" name="afterClass" finished-at="2021-05-31T14:30:53 BRT" duration-ms="1" status="PASS">
          <reporter-output>
          </reporter-output>
        </test-method> <!-- afterClass -->
        <test-method is-config="true" signature="afterAllTests()[pri:0, instance:project.testng.tests.Tests@4da4253]" started-at="2021-05-31T14:30:53 BRT" name="afterAllTests" finished-at="2021-05-31T14:30:53 BRT" duration-ms="0" status="PASS">
          <reporter-output>
          </reporter-output>
        </test-method> <!-- afterAllTests -->
        <test-method is-config="true" signature="afterMethod()[pri:0, instance:project.testng.tests.Tests@4da4253]" started-at="2021-05-31T14:30:53 BRT" name="afterMethod" finished-at="2021-05-31T14:30:53 BRT" duration-ms="0" status="PASS">
          <reporter-output>
          </reporter-output>
        </test-method> <!-- afterMethod -->
        <test-method is-config="true" signature="beforeAllTests()[pri:0, instance:project.testng.tests.Tests@4da4253]" started-at="2021-05-31T14:30:53 BRT" name="beforeAllTests" finished-at="2021-05-31T14:30:53 BRT" duration-ms="1" status="PASS">
          <reporter-output>
          </reporter-output>
        </test-method> <!-- beforeAllTests -->
        <test-method is-config="true" signature="beforeClass()[pri:0, instance:project.testng.tests.Tests@4da4253]" started-at="2021-05-31T14:30:53 BRT" name="beforeClass" finished-at="2021-05-31T14:30:53 BRT" duration-ms="1" status="PASS">
          <reporter-output>
          </reporter-output>
        </test-method> <!-- beforeClass -->
        <test-method is-config="true" signature="beforeMethod()[pri:0, instance:project.testng.tests.Tests@4da4253]" started-at="2021-05-31T14:30:53 BRT" name="beforeMethod" finished-at="2021-05-31T14:30:53 BRT" duration-ms="1" status="PASS">
          <reporter-output>
          </reporter-output>
        </test-method> <!-- beforeMethod -->
        <test-method is-config="true" signature="beforeMethod()[pri:0, instance:project.testng.tests.Tests@4da4253]" started-at="2021-05-31T14:30:53 BRT" name="beforeMethod" finished-at="2021-05-31T14:30:53 BRT" duration-ms="0" status="PASS">
          <reporter-output>
          </reporter-output>
        </test-method> <!-- beforeMethod -->
        <test-method signature="testFour()[pri:0, instance:project.testng.tests.Tests@4da4253]" started-at="2021-05-31T14:30:53 BRT" name="testFour" finished-at="2021-05-31T14:30:53 BRT" duration-ms="2" status="PASS">
          <reporter-output>
          </reporter-output>
        </test-method> <!-- testFour -->
        <test-method is-config="true" signature="afterMethod()[pri:0, instance:project.testng.tests.Tests@4da4253]" started-at="2021-05-31T14:30:53 BRT" name="afterMethod" finished-at="2021-05-31T14:30:53 BRT" duration-ms="1" status="PASS">
          <reporter-output>
          </reporter-output>
        </test-method> <!-- afterMethod -->
        <test-method signature="testOne()[pri:0, instance:project.testng.tests.Tests@4da4253]" started-at="2021-05-31T14:30:53 BRT" name="testOne" finished-at="2021-05-31T14:30:53 BRT" duration-ms="3" status="PASS">
          <reporter-output>
          </reporter-output>
        </test-method> <!-- testOne -->
        <test-method is-config="true" signature="beforeMethod()[pri:0, instance:project.testng.tests.Tests@4da4253]" started-at="2021-05-31T14:30:53 BRT" name="beforeMethod" finished-at="2021-05-31T14:30:53 BRT" duration-ms="0" status="PASS">
          <reporter-output>
          </reporter-output>
        </test-method> <!-- beforeMethod -->
        <test-method is-config="true" signature="afterMethod()[pri:0, instance:project.testng.tests.Tests@4da4253]" started-at="2021-05-31T14:30:53 BRT" name="afterMethod" finished-at="2021-05-31T14:30:53 BRT" duration-ms="1" status="PASS">
          <reporter-output>
          </reporter-output>
        </test-method> <!-- afterMethod -->
        <test-method is-config="true" signature="beforeMethod()[pri:0, instance:project.testng.tests.Tests@4da4253]" started-at="2021-05-31T14:30:53 BRT" name="beforeMethod" finished-at="2021-05-31T14:30:53 BRT" duration-ms="0" status="PASS">
          <reporter-output>
          </reporter-output>
        </test-method> <!-- beforeMethod -->
        <test-method signature="testTwo()[pri:0, instance:project.testng.tests.Tests@4da4253]" started-at="2021-05-31T14:30:53 BRT" name="testTwo" finished-at="2021-05-31T14:30:53 BRT" duration-ms="2" status="PASS">
          <reporter-output>
          </reporter-output>
        </test-method> <!-- testTwo -->
        <test-method is-config="true" signature="afterMethod()[pri:0, instance:project.testng.tests.Tests@4da4253]" started-at="2021-05-31T14:30:53 BRT" name="afterMethod" finished-at="2021-05-31T14:30:53 BRT" duration-ms="1" status="PASS">
          <reporter-output>
          </reporter-output>
        </test-method> <!-- afterMethod -->
        <test-method is-config="true" signature="beforeMethod()[pri:0, instance:project.testng.tests.Tests@4da4253]" started-at="2021-05-31T14:30:53 BRT" name="beforeMethod" finished-at="2021-05-31T14:30:53 BRT" duration-ms="1" status="PASS">
          <reporter-output>
          </reporter-output>
        </test-method> <!-- beforeMethod -->
        <test-method is-config="true" signature="afterAllTests()[pri:0, instance:project.testng.tests.Tests@4da4253]" started-at="2021-05-31T14:30:53 BRT" name="afterAllTests" finished-at="2021-05-31T14:30:53 BRT" duration-ms="1" status="PASS">
          <reporter-output>
          </reporter-output>
        </test-method> <!-- afterAllTests -->
        <test-method is-config="true" signature="afterMethod()[pri:0, instance:project.testng.tests.Tests@4da4253]" started-at="2021-05-31T14:30:53 BRT" name="afterMethod" finished-at="2021-05-31T14:30:53 BRT" duration-ms="1" status="PASS">
          <reporter-output>
          </reporter-output>
        </test-method> <!-- afterMethod -->
        <test-method is-config="true" signature="beforeClass()[pri:0, instance:project.testng.tests.Tests@4da4253]" started-at="2021-05-31T14:30:53 BRT" name="beforeClass" finished-at="2021-05-31T14:30:53 BRT" duration-ms="0" status="PASS">
          <reporter-output>
          </reporter-output>
        </test-method> <!-- beforeClass -->
        <test-method is-config="true" signature="afterClass()[pri:0, instance:project.testng.tests.Tests@4da4253]" started-at="2021-05-31T14:30:53 BRT" name="afterClass" finished-at="2021-05-31T14:30:53 BRT" duration-ms="0" status="PASS">
          <reporter-output>
          </reporter-output>
        </test-method> <!-- afterClass -->
        <test-method is-config="true" signature="beforeAllTests()[pri:0, instance:project.testng.tests.Tests@4da4253]" started-at="2021-05-31T14:30:53 BRT" name="beforeAllTests" finished-at="2021-05-31T14:30:53 BRT" duration-ms="0" status="PASS">
          <reporter-output>
          </reporter-output>
        </test-method> <!-- beforeAllTests -->
        <test-method is-config="true" signature="afterAllTests()[pri:0, instance:project.testng.tests.Tests@4da4253]" started-at="2021-05-31T14:30:53 BRT" name="afterAllTests" finished-at="2021-05-31T14:30:53 BRT" duration-ms="0" status="PASS">
          <reporter-output>
          </reporter-output>
        </test-method> <!-- afterAllTests -->
        <test-method is-config="true" signature="afterClass()[pri:0, instance:project.testng.tests.Tests@4da4253]" started-at="2021-05-31T14:30:53 BRT" name="afterClass" finished-at="2021-05-31T14:30:53 BRT" duration-ms="0" status="PASS">
          <reporter-output>
          </reporter-output>
        </test-method> <!-- afterClass -->
      </class> <!-- project.testng.tests.Tests -->
      <class name="project.testng.tests.TestClassTwo">
        <test-method is-config="true" signature="beforeClass()[pri:0, instance:project.testng.tests.TestClassTwo@3972a855]" started-at="2021-05-31T14:30:53 BRT" name="beforeClass" finished-at="2021-05-31T14:30:53 BRT" duration-ms="0" status="PASS">
          <reporter-output>
          </reporter-output>
        </test-method> <!-- beforeClass -->
        <test-method is-config="true" signature="beforeClass()[pri:0, instance:project.testng.tests.TestClassTwo@3972a855]" started-at="2021-05-31T14:30:53 BRT" name="beforeClass" finished-at="2021-05-31T14:30:53 BRT" duration-ms="0" status="PASS">
          <reporter-output>
          </reporter-output>
        </test-method> <!-- beforeClass -->
        <test-method signature="testFourClassTwo()[pri:0, instance:project.testng.tests.TestClassTwo@3972a855]" started-at="2021-05-31T14:30:53 BRT" name="testFourClassTwo" finished-at="2021-05-31T14:30:53 BRT" duration-ms="7" status="PASS">
          <reporter-output>
          </reporter-output>
        </test-method> <!-- testFourClassTwo -->
        <test-method signature="testOneClassTwo()[pri:0, instance:project.testng.tests.TestClassTwo@3972a855]" started-at="2021-05-31T14:30:53 BRT" name="testOneClassTwo" finished-at="2021-05-31T14:30:53 BRT" duration-ms="6" status="PASS">
          <reporter-output>
          </reporter-output>
        </test-method> <!-- testOneClassTwo -->
        <test-method signature="testThreeClassTwo()[pri:0, instance:project.testng.tests.TestClassTwo@3972a855]" started-at="2021-05-31T14:30:53 BRT" name="testThreeClassTwo" finished-at="2021-05-31T14:30:53 BRT" duration-ms="2" status="PASS">
          <reporter-output>
          </reporter-output>
        </test-method> <!-- testThreeClassTwo -->
        <test-method signature="testTwoClassTwo()[pri:0, instance:project.testng.tests.TestClassTwo@3972a855]" started-at="2021-05-31T14:30:53 BRT" name="testTwoClassTwo" finished-at="2021-05-31T14:30:53 BRT" duration-ms="2" status="PASS">
          <reporter-output>
          </reporter-output>
        </test-method> <!-- testTwoClassTwo -->
        <test-method is-config="true" signature="beforeClass()[pri:0, instance:project.testng.tests.TestClassTwo@3972a855]" started-at="2021-05-31T14:30:53 BRT" name="beforeClass" finished-at="2021-05-31T14:30:53 BRT" duration-ms="1" status="PASS">
          <reporter-output>
          </reporter-output>
        </test-method> <!-- beforeClass -->
      </class> <!-- project.testng.tests.TestClassTwo -->
    </test> <!-- Group test plan -->
  </suite> <!-- General Suite -->
</testng-results>
